<?xml version="1.0" encoding="UTF-8"?>
<!-- Generated by org.testng.reporters.JUnitXMLReporter -->
<testsuite ignored="0" hostname="DESKTOP-IBJRMPG" failures="0" tests="3" name="Default test" time="121.283" errors="0" timestamp="24 Apr 2021 10:09:44 GMT">
  <testcase classname="hSPE.admin.testcases.homepagetest" name="checktitletest" time="0.018"/>
  <testcase classname="hSPE.admin.testcases.homepagetest" name="checkuserlabel" time="0.732"/>
  <testcase classname="hSPE.admin.testcases.homepagetest" name="checkfrontofficeclick" time="5.774"/>
</testsuite> <!-- Default test -->
