<?xml version="1.0" encoding="UTF-8"?>
<!-- Generated by org.testng.reporters.JUnitXMLReporter -->
<testsuite ignored="0" hostname="DESKTOP-IBJRMPG" failures="0" tests="12" name="Test" time="670.839" errors="0" timestamp="25 Apr 2021 13:32:21 GMT">
  <testcase classname="hSPE.admin.testcases.logintestcases" name="titletest" time="0.026"/>
  <testcase classname="hSPE.admin.testcases.visitorpagetest" name="verifyexceldata" time="25.629"/>
  <testcase classname="hSPE.admin.testcases.logintestcases" name="logotest" time="0.151"/>
  <testcase classname="hSPE.admin.testcases.logintestcases" name="login" time="26.645"/>
  <testcase classname="hSPE.admin.testcases.homepagetest" name="checktitletest" time="0.024"/>
  <testcase classname="hSPE.admin.testcases.homepagetest" name="checkuserlabel" time="4.301"/>
  <testcase classname="hSPE.admin.testcases.homepagetest" name="checkfrontofficeclick" time="6.143"/>
  <testcase classname="hSPE.admin.testcases.frontofficetest" name="checkapmnttext" time="0.074"/>
  <testcase classname="hSPE.admin.testcases.frontofficetest" name="clickvisitortest" time="6.27"/>
  <testcase classname="hSPE.admin.testcases.visitorpagetest" name="verifyvisitortext" time="0.064"/>
  <testcase classname="hSPE.admin.testcases.visitorpagetest" name="verifyadvisitortitle" time="11.262"/>
  <testcase classname="hSPE.admin.testcases.visitorpagetest" name="verifyaddvisitor" time="21.66"/>
</testsuite> <!-- Test -->
