<?xml version="1.0" encoding="UTF-8"?>
<!-- Generated by org.testng.reporters.JUnitXMLReporter -->
<testsuite ignored="0" hostname="DESKTOP-IBJRMPG" failures="0" tests="12" name="Test" time="777.974" errors="0" timestamp="25 Apr 2021 13:53:42 GMT">
  <testcase classname="hSPE.admin.testcases.logintestcases" name="titletest" time="0.017"/>
  <testcase classname="hSPE.admin.testcases.logintestcases" name="logotest" time="0.553"/>
  <testcase classname="hSPE.admin.testcases.logintestcases" name="login" time="48.611"/>
  <testcase classname="hSPE.admin.testcases.homepagetest" name="checktitletest" time="0.026"/>
  <testcase classname="hSPE.admin.testcases.homepagetest" name="checkuserlabel" time="4.378"/>
  <testcase classname="hSPE.admin.testcases.homepagetest" name="checkfrontofficeclick" time="5.606"/>
  <testcase classname="hSPE.admin.testcases.frontofficetest" name="checkapmnttext" time="0.06"/>
  <testcase classname="hSPE.admin.testcases.frontofficetest" name="clickvisitortest" time="7.226"/>
  <testcase classname="hSPE.admin.testcases.visitorpagetest" name="verifyvisitortext" time="0.064"/>
  <testcase classname="hSPE.admin.testcases.visitorpagetest" name="verifyadvisitortitle" time="11.247"/>
  <testcase classname="hSPE.admin.testcases.visitorpagetest" name="verifyaddvisitor" time="31.073"/>
  <testcase classname="hSPE.admin.testcases.visitorpagetest" name="verifyexceldata" time="21.089"/>
</testsuite> <!-- Test -->
