<?xml version="1.0" encoding="UTF-8"?>
<testng-results ignored="0" total="12" passed="12" failed="0" skipped="0">
  <reporter-output>
  </reporter-output>
  <suite started-at="2021-04-25T13:40:43Z" name="Suite" finished-at="2021-04-25T13:53:41Z" duration-ms="777974">
    <groups>
    </groups>
    <test started-at="2021-04-25T13:40:43Z" name="Test" finished-at="2021-04-25T13:53:41Z" duration-ms="777974">
      <class name="hSPE.admin.testcases.homepagetest">
        <test-method is-config="true" signature="beforeMethod()[pri:0, instance:hSPE.admin.testcases.homepagetest@93081b6]" started-at="2021-04-25T19:13:38Z" name="beforeMethod" finished-at="2021-04-25T19:14:30Z" duration-ms="51381" status="PASS">
          <reporter-output>
          </reporter-output>
        </test-method> <!-- beforeMethod -->
        <test-method signature="checktitletest()[pri:3, instance:hSPE.admin.testcases.homepagetest@93081b6]" started-at="2021-04-25T19:14:30Z" name="checktitletest" finished-at="2021-04-25T19:14:30Z" duration-ms="26" status="PASS">
          <reporter-output>
          </reporter-output>
        </test-method> <!-- checktitletest -->
        <test-method is-config="true" signature="afterMethod()[pri:0, instance:hSPE.admin.testcases.homepagetest@93081b6]" started-at="2021-04-25T19:14:30Z" name="afterMethod" finished-at="2021-04-25T19:14:30Z" duration-ms="680" status="PASS">
          <reporter-output>
          </reporter-output>
        </test-method> <!-- afterMethod -->
        <test-method is-config="true" signature="beforeMethod()[pri:0, instance:hSPE.admin.testcases.homepagetest@93081b6]" started-at="2021-04-25T19:14:30Z" name="beforeMethod" finished-at="2021-04-25T19:15:04Z" duration-ms="34094" status="PASS">
          <reporter-output>
          </reporter-output>
        </test-method> <!-- beforeMethod -->
        <test-method signature="checkuserlabel()[pri:4, instance:hSPE.admin.testcases.homepagetest@93081b6]" started-at="2021-04-25T19:15:04Z" name="checkuserlabel" finished-at="2021-04-25T19:15:09Z" duration-ms="4378" status="PASS">
          <reporter-output>
          </reporter-output>
        </test-method> <!-- checkuserlabel -->
        <test-method is-config="true" signature="afterMethod()[pri:0, instance:hSPE.admin.testcases.homepagetest@93081b6]" started-at="2021-04-25T19:15:09Z" name="afterMethod" finished-at="2021-04-25T19:15:09Z" duration-ms="553" status="PASS">
          <reporter-output>
          </reporter-output>
        </test-method> <!-- afterMethod -->
        <test-method is-config="true" signature="beforeMethod()[pri:0, instance:hSPE.admin.testcases.homepagetest@93081b6]" started-at="2021-04-25T19:15:09Z" name="beforeMethod" finished-at="2021-04-25T19:15:40Z" duration-ms="30364" status="PASS">
          <reporter-output>
          </reporter-output>
        </test-method> <!-- beforeMethod -->
        <test-method signature="checkfrontofficeclick()[pri:5, instance:hSPE.admin.testcases.homepagetest@93081b6]" started-at="2021-04-25T19:15:40Z" name="checkfrontofficeclick" finished-at="2021-04-25T19:15:45Z" duration-ms="5606" status="PASS">
          <reporter-output>
          </reporter-output>
        </test-method> <!-- checkfrontofficeclick -->
        <test-method is-config="true" signature="afterMethod()[pri:0, instance:hSPE.admin.testcases.homepagetest@93081b6]" started-at="2021-04-25T19:15:45Z" name="afterMethod" finished-at="2021-04-25T19:15:46Z" duration-ms="578" status="PASS">
          <reporter-output>
          </reporter-output>
        </test-method> <!-- afterMethod -->
      </class> <!-- hSPE.admin.testcases.homepagetest -->
      <class name="hSPE.admin.testcases.visitorpagetest">
        <test-method is-config="true" signature="beforeMethod()[pri:0, instance:hSPE.admin.testcases.visitorpagetest@7ba8c737]" started-at="2021-04-25T19:17:42Z" name="beforeMethod" finished-at="2021-04-25T19:18:48Z" duration-ms="65690" status="PASS">
          <reporter-output>
          </reporter-output>
        </test-method> <!-- beforeMethod -->
        <test-method signature="verifyvisitortext()[pri:8, instance:hSPE.admin.testcases.visitorpagetest@7ba8c737]" started-at="2021-04-25T19:18:48Z" name="verifyvisitortext" finished-at="2021-04-25T19:18:48Z" duration-ms="64" status="PASS">
          <reporter-output>
          </reporter-output>
        </test-method> <!-- verifyvisitortext -->
        <test-method is-config="true" signature="afterMethod()[pri:0, instance:hSPE.admin.testcases.visitorpagetest@7ba8c737]" started-at="2021-04-25T19:18:48Z" name="afterMethod" finished-at="2021-04-25T19:18:48Z" duration-ms="0" status="PASS">
          <reporter-output>
          </reporter-output>
        </test-method> <!-- afterMethod -->
        <test-method is-config="true" signature="beforeMethod()[pri:0, instance:hSPE.admin.testcases.visitorpagetest@7ba8c737]" started-at="2021-04-25T19:18:48Z" name="beforeMethod" finished-at="2021-04-25T19:20:33Z" duration-ms="105373" status="PASS">
          <reporter-output>
          </reporter-output>
        </test-method> <!-- beforeMethod -->
        <test-method signature="verifyadvisitortitle()[pri:9, instance:hSPE.admin.testcases.visitorpagetest@7ba8c737]" started-at="2021-04-25T19:20:33Z" name="verifyadvisitortitle" finished-at="2021-04-25T19:20:44Z" duration-ms="11247" status="PASS">
          <reporter-output>
          </reporter-output>
        </test-method> <!-- verifyadvisitortitle -->
        <test-method is-config="true" signature="afterMethod()[pri:0, instance:hSPE.admin.testcases.visitorpagetest@7ba8c737]" started-at="2021-04-25T19:20:44Z" name="afterMethod" finished-at="2021-04-25T19:20:44Z" duration-ms="0" status="PASS">
          <reporter-output>
          </reporter-output>
        </test-method> <!-- afterMethod -->
        <test-method is-config="true" signature="beforeMethod()[pri:0, instance:hSPE.admin.testcases.visitorpagetest@7ba8c737]" started-at="2021-04-25T19:20:44Z" name="beforeMethod" finished-at="2021-04-25T19:21:51Z" duration-ms="66764" status="PASS">
          <reporter-output>
          </reporter-output>
        </test-method> <!-- beforeMethod -->
        <test-method signature="verifyaddvisitor()[pri:10, instance:hSPE.admin.testcases.visitorpagetest@7ba8c737]" started-at="2021-04-25T19:21:51Z" name="verifyaddvisitor" finished-at="2021-04-25T19:22:22Z" duration-ms="31073" status="PASS">
          <reporter-output>
          </reporter-output>
        </test-method> <!-- verifyaddvisitor -->
        <test-method is-config="true" signature="afterMethod()[pri:0, instance:hSPE.admin.testcases.visitorpagetest@7ba8c737]" started-at="2021-04-25T19:22:22Z" name="afterMethod" finished-at="2021-04-25T19:22:22Z" duration-ms="0" status="PASS">
          <reporter-output>
          </reporter-output>
        </test-method> <!-- afterMethod -->
        <test-method is-config="true" signature="beforeMethod()[pri:0, instance:hSPE.admin.testcases.visitorpagetest@7ba8c737]" started-at="2021-04-25T19:22:29Z" name="beforeMethod" finished-at="2021-04-25T19:23:20Z" duration-ms="50987" status="PASS">
          <reporter-output>
          </reporter-output>
        </test-method> <!-- beforeMethod -->
        <test-method signature="verifyexceldata([Ljava.lang.String;)[pri:11, instance:hSPE.admin.testcases.visitorpagetest@7ba8c737]" started-at="2021-04-25T19:23:20Z" name="verifyexceldata" data-provider="getdata" finished-at="2021-04-25T19:23:41Z" duration-ms="21089" status="PASS">
          <params>
            <param index="0">
              <value>
                <![CDATA[[Ljava.lang.String;@28e7bb31]]>
              </value>
            </param>
          </params>
          <reporter-output>
          </reporter-output>
        </test-method> <!-- verifyexceldata -->
        <test-method is-config="true" signature="afterMethod()[pri:0, instance:hSPE.admin.testcases.visitorpagetest@7ba8c737]" started-at="2021-04-25T19:23:41Z" name="afterMethod" finished-at="2021-04-25T19:23:41Z" duration-ms="1" status="PASS">
          <reporter-output>
          </reporter-output>
        </test-method> <!-- afterMethod -->
      </class> <!-- hSPE.admin.testcases.visitorpagetest -->
      <class name="hSPE.admin.testcases.logintestcases">
        <test-method is-config="true" signature="setup()[pri:0, instance:hSPE.admin.testcases.logintestcases@24c22fe]" started-at="2021-04-25T19:10:44Z" name="setup" finished-at="2021-04-25T19:11:05Z" duration-ms="21540" status="PASS">
          <reporter-output>
          </reporter-output>
        </test-method> <!-- setup -->
        <test-method signature="titletest()[pri:0, instance:hSPE.admin.testcases.logintestcases@24c22fe]" started-at="2021-04-25T19:11:05Z" name="titletest" finished-at="2021-04-25T19:11:05Z" duration-ms="17" status="PASS">
          <reporter-output>
          </reporter-output>
        </test-method> <!-- titletest -->
        <test-method is-config="true" signature="teardown()[pri:0, instance:hSPE.admin.testcases.logintestcases@24c22fe]" started-at="2021-04-25T19:11:05Z" name="teardown" finished-at="2021-04-25T19:11:07Z" duration-ms="1606" status="PASS">
          <reporter-output>
          </reporter-output>
        </test-method> <!-- teardown -->
        <test-method is-config="true" signature="setup()[pri:0, instance:hSPE.admin.testcases.logintestcases@24c22fe]" started-at="2021-04-25T19:11:07Z" name="setup" finished-at="2021-04-25T19:11:22Z" duration-ms="15419" status="PASS">
          <reporter-output>
          </reporter-output>
        </test-method> <!-- setup -->
        <test-method signature="logotest()[pri:1, instance:hSPE.admin.testcases.logintestcases@24c22fe]" started-at="2021-04-25T19:11:22Z" name="logotest" finished-at="2021-04-25T19:11:23Z" duration-ms="553" status="PASS">
          <reporter-output>
          </reporter-output>
        </test-method> <!-- logotest -->
        <test-method is-config="true" signature="teardown()[pri:0, instance:hSPE.admin.testcases.logintestcases@24c22fe]" started-at="2021-04-25T19:11:23Z" name="teardown" finished-at="2021-04-25T19:11:24Z" duration-ms="1076" status="PASS">
          <reporter-output>
          </reporter-output>
        </test-method> <!-- teardown -->
        <test-method is-config="true" signature="setup()[pri:0, instance:hSPE.admin.testcases.logintestcases@24c22fe]" started-at="2021-04-25T19:11:24Z" name="setup" finished-at="2021-04-25T19:12:49Z" duration-ms="85446" status="PASS">
          <reporter-output>
          </reporter-output>
        </test-method> <!-- setup -->
        <test-method signature="login()[pri:2, instance:hSPE.admin.testcases.logintestcases@24c22fe]" started-at="2021-04-25T19:12:49Z" name="login" finished-at="2021-04-25T19:13:38Z" duration-ms="48611" status="PASS">
          <reporter-output>
          </reporter-output>
        </test-method> <!-- login -->
        <test-method is-config="true" signature="teardown()[pri:0, instance:hSPE.admin.testcases.logintestcases@24c22fe]" started-at="2021-04-25T19:13:38Z" name="teardown" finished-at="2021-04-25T19:13:38Z" duration-ms="427" status="PASS">
          <reporter-output>
          </reporter-output>
        </test-method> <!-- teardown -->
      </class> <!-- hSPE.admin.testcases.logintestcases -->
      <class name="hSPE.admin.testcases.frontofficetest">
        <test-method is-config="true" signature="beforeMethod()[pri:0, instance:hSPE.admin.testcases.frontofficetest@cd1e646]" started-at="2021-04-25T19:15:46Z" name="beforeMethod" finished-at="2021-04-25T19:16:43Z" duration-ms="56821" status="PASS">
          <reporter-output>
          </reporter-output>
        </test-method> <!-- beforeMethod -->
        <test-method signature="checkapmnttext()[pri:6, instance:hSPE.admin.testcases.frontofficetest@cd1e646]" started-at="2021-04-25T19:16:43Z" name="checkapmnttext" finished-at="2021-04-25T19:16:43Z" duration-ms="60" status="PASS">
          <reporter-output>
          </reporter-output>
        </test-method> <!-- checkapmnttext -->
        <test-method is-config="true" signature="afterMethod()[pri:0, instance:hSPE.admin.testcases.frontofficetest@cd1e646]" started-at="2021-04-25T19:16:43Z" name="afterMethod" finished-at="2021-04-25T19:16:44Z" duration-ms="1423" status="PASS">
          <reporter-output>
          </reporter-output>
        </test-method> <!-- afterMethod -->
        <test-method is-config="true" signature="beforeMethod()[pri:0, instance:hSPE.admin.testcases.frontofficetest@cd1e646]" started-at="2021-04-25T19:16:44Z" name="beforeMethod" finished-at="2021-04-25T19:17:34Z" duration-ms="49674" status="PASS">
          <reporter-output>
          </reporter-output>
        </test-method> <!-- beforeMethod -->
        <test-method signature="clickvisitortest()[pri:7, instance:hSPE.admin.testcases.frontofficetest@cd1e646]" started-at="2021-04-25T19:17:34Z" name="clickvisitortest" finished-at="2021-04-25T19:17:41Z" duration-ms="7226" status="PASS">
          <reporter-output>
          </reporter-output>
        </test-method> <!-- clickvisitortest -->
        <test-method is-config="true" signature="afterMethod()[pri:0, instance:hSPE.admin.testcases.frontofficetest@cd1e646]" started-at="2021-04-25T19:17:41Z" name="afterMethod" finished-at="2021-04-25T19:17:42Z" duration-ms="1001" status="PASS">
          <reporter-output>
          </reporter-output>
        </test-method> <!-- afterMethod -->
      </class> <!-- hSPE.admin.testcases.frontofficetest -->
    </test> <!-- Test -->
  </suite> <!-- Suite -->
</testng-results>
