<?xml version="1.0" encoding="UTF-8"?>
<testsuite xmlns:xsi="http://www.w3.org/2001/XMLSchema-instance" xsi:schemaLocation="https://maven.apache.org/surefire/maven-surefire-plugin/xsd/surefire-test-report.xsd" name="TestSuite" time="790.141" tests="12" errors="0" skipped="0" failures="0">
  <properties>
[...]
</properties>
  <testcase name="titletest" classname="hSPE.admin.testcases.logintestcases" time="0.019"/>
  <testcase name="logotest" classname="hSPE.admin.testcases.logintestcases" time="0.553"/>
  <testcase name="login" classname="hSPE.admin.testcases.logintestcases" time="48.613"/>
  <testcase name="checktitletest" classname="hSPE.admin.testcases.homepagetest" time="0.026"/>
  <testcase name="checkuserlabel" classname="hSPE.admin.testcases.homepagetest" time="4.355"/>
  <testcase name="checkfrontofficeclick" classname="hSPE.admin.testcases.homepagetest" time="5.599"/>
  <testcase name="checkapmnttext" classname="hSPE.admin.testcases.frontofficetest" time="0.053"/>
  <testcase name="clickvisitortest" classname="hSPE.admin.testcases.frontofficetest" time="7.228"/>
  <testcase name="verifyvisitortext" classname="hSPE.admin.testcases.visitorpagetest" time="0.066"/>
  <testcase name="verifyadvisitortitle" classname="hSPE.admin.testcases.visitorpagetest" time="11.245"/>
  <testcase name="verifyaddvisitor" classname="hSPE.admin.testcases.visitorpagetest" time="31.073"/>
  <testcase name="verifyexceldata" classname="hSPE.admin.testcases.visitorpagetest" time="21.089"/>
</testsuite>